<?xml version="1.0" encoding="UTF-8"?>
<!-- Generated by org.testng.reporters.JUnitReportReporter -->
<testsuite hostname="SURI" failures="0" tests="1" name="Examples" time="2.278" errors="0" timestamp="2021-03-01T01:27:20 EST" skipped="0">
  <testcase classname="Examples" name="TestPut" time="2.278"/>
  <system-out/>
</testsuite> <!-- Examples -->
