<?xml version="1.0" encoding="UTF-8"?>
<!-- Generated by org.testng.reporters.JUnitReportReporter -->
<testsuite hostname="SURI" failures="0" tests="1" name="Tests_GET" time="6.283" errors="0" timestamp="2021-02-28T23:31:51 EST" skipped="0">
  <testcase classname="Tests_GET" name="test_1" time="6.283"/>
  <system-out/>
</testsuite> <!-- Tests_GET -->
