<?xml version="1.0" encoding="UTF-8"?>
<!-- Generated by org.testng.reporters.JUnitReportReporter -->
<testsuite hostname="SURI" failures="0" tests="1" name="Tests_POST" time="4.734" errors="0" timestamp="2021-03-01T00:12:55 EST" skipped="0">
  <testcase classname="Tests_POST" name="Delete_4" time="4.734"/>
  <system-out/>
</testsuite> <!-- Tests_POST -->
