<?xml version="1.0" encoding="UTF-8"?>
<!-- Generated by org.testng.reporters.JUnitReportReporter -->
<testsuite hostname="SURI" failures="0" tests="2" name="Test01_GET" time="4.079" errors="0" timestamp="2021-02-27T16:58:39 EST" skipped="0">
  <testcase classname="Test01_GET" name="test_01" time="2.877"/>
  <system-out/>
  <testcase classname="Test01_GET" name="test_02" time="1.202"/>
  <system-out/>
</testsuite> <!-- Test01_GET -->
