<?xml version="1.0" encoding="UTF-8"?>
<!-- Generated by org.testng.reporters.JUnitReportReporter -->
<testsuite hostname="SURI" failures="0" tests="1" name="data.DataDrivenExamples1" time="3.264" errors="0" timestamp="2021-03-02T15:57:02 EST" skipped="0">
  <testcase classname="data.DataDrivenExamples1" name="TestPOST" time="3.264"/>
  <system-out/>
</testsuite> <!-- data.DataDrivenExamples1 -->
